
> codveda-level-3-sms-server@1.0.0 start
> node src/server.js

MongoDB connected: ac-utcwqb1-shard-00-00.zxmbwb1.mongodb.net
Server running in development mode on port 5000
GraphQL endpoint ready at http://localhost:5000/graphql
[0mGET / [32m200[0m 3.087 ms - 70[0m
[0mGET /favicon.ico [33m404[0m 0.618 ms - 1412[0m
[0mGET / [36m304[0m 0.509 ms - -[0m
[0mGET /favicon.ico [33m404[0m 0.512 ms - 1412[0m
[0mGET /graphql [32m200[0m 3.587 ms - 3522[0m
[0mGET /favicon.ico [33m404[0m 1.202 ms - 1412[0m
[0mPOST /graphql [32m200[0m 44.467 ms - 31985[0m
[0mPOST /graphql [32m200[0m 36.184 ms - 34147[0m
[0mPOST /graphql [32m200[0m 12.604 ms - 34147[0m
[0mPOST /graphql [32m200[0m 10.221 ms - 34147[0m
[0mPOST /api/auth/register [32m201[0m 908.731 ms - 430[0m
[0mGET /api/notifications [32m200[0m 187.104 ms - 93[0m
[0mGET /api/students?limit=5 [32m200[0m 392.185 ms - 121[0m
[0mGET /api/auth/profile [32m200[0m 521.708 ms - 222[0m
[0mGET /api/users [32m200[0m 601.760 ms - 117[0m
[0mGET /api/students?limit=5 [36m304[0m 142.340 ms - -[0m
[0mGET /api/courses?limit=5 [32m200[0m 878.293 ms - 120[0m
[0mGET /api/courses?limit=5 [36m304[0m 154.914 ms - -[0m
[0mGET /api/students?search=&page=1&limit=8 [32m200[0m 135.329 ms - 121[0m
[0mGET /api/students?search=&page=1&limit=8 [36m304[0m 132.219 ms - -[0m
[0mGET /api/courses?limit=5 [36m304[0m 150.315 ms - -[0m
[0mGET /api/students?limit=5 [36m304[0m 164.154 ms - -[0m
[0mGET /api/courses?limit=5 [36m304[0m 131.418 ms - -[0m
[0mGET /api/students?limit=5 [36m304[0m 135.273 ms - -[0m
[0mGET /api/students?search=&page=1&limit=8 [36m304[0m 134.723 ms - -[0m
[0mGET /api/students?search=&page=1&limit=8 [36m304[0m 139.452 ms - -[0m
[0mGET /api/courses?search=&page=1&limit=8 [32m200[0m 126.722 ms - 120[0m
[0mGET /api/courses?search=&page=1&limit=8 [36m304[0m 162.341 ms - -[0m
[0mGET /api/courses?search=c&page=1&limit=8 [32m200[0m 149.452 ms - 120[0m
[0mGET /api/courses?search=&page=1&limit=8 [36m304[0m 126.604 ms - -[0m
[0mGET /api/users [36m304[0m 129.814 ms - -[0m
[0mGET /api/users [36m304[0m 129.065 ms - -[0m
[0mPOST /graphql [32m200[0m 133.863 ms - 28[0m
[0mPOST /api/auth/login [32m200[0m 283.245 ms - 423[0m
[0mGET /api/auth/profile [36m304[0m 85.465 ms - -[0m
[0mGET /api/notifications [36m304[0m 131.674 ms - -[0m
[0mGET /api/users [32m200[0m 134.545 ms - 91[0m
[0mGET /api/courses?limit=5 [36m304[0m 143.685 ms - -[0m
[0mGET /api/courses?limit=5 [36m304[0m 117.011 ms - -[0m
[0mGET /api/students?limit=5 [36m304[0m 589.017 ms - -[0m
[0mGET /api/students?limit=5 [36m304[0m 114.235 ms - -[0m
[0mGET /api/students?search=&page=1&limit=8 [36m304[0m 139.592 ms - -[0m
[0mGET /api/students?search=&page=1&limit=8 [36m304[0m 127.223 ms - -[0m
[0mGET /api/courses?limit=5 [36m304[0m 149.694 ms - -[0m
[0mGET /api/students?limit=5 [36m304[0m 154.727 ms - -[0m
[0mGET /api/courses?limit=5 [36m304[0m 156.988 ms - -[0m
[0mGET /api/students?limit=5 [36m304[0m 157.334 ms - -[0m
[0mPOST /graphql [32m200[0m 13.859 ms - 34147[0m
[0mGET / [36m304[0m 0.264 ms - -[0m
[0mGET /favicon.ico [33m404[0m 0.526 ms - 1412[0m
[0mGET /graphql [32m200[0m 0.909 ms - 3522[0m
[0mGET /favicon.ico [33m404[0m 0.443 ms - 1412[0m
[0mPOST /graphql [32m200[0m 5.565 ms - 31985[0m
[0mGET /api/auth/profile [36m304[0m 54.045 ms - -[0m
[0mGET /api/notifications [36m304[0m 115.879 ms - -[0m
[0mGET /api/users [32m200[0m 115.473 ms - 117[0m
[0mGET /api/auth/profile [36m304[0m 61.795 ms - -[0m
[0mGET /api/users [36m304[0m 146.507 ms - -[0m
[0mGET /api/notifications [36m304[0m 149.721 ms - -[0m
[0mGET /api/students?limit=5 [36m304[0m 128.528 ms - -[0m
[0mGET /api/courses?limit=5 [36m304[0m 127.520 ms - -[0m
[0mGET /api/courses?limit=5 [36m304[0m 116.588 ms - -[0m
[0mGET /api/students?limit=5 [36m304[0m 123.212 ms - -[0m
[0mGET /api [33m404[0m 0.478 ms - 1396[0m
[0mGET /api/students?search=&page=1&limit=8 [36m304[0m 134.353 ms - -[0m
[0mGET /api/students?search=&page=1&limit=8 [36m304[0m 138.325 ms - -[0m
[0mPOST /api/auth/register [32m201[0m 339.026 ms - 423[0m
[0mGET /api/auth/profile [32m200[0m 55.924 ms - 217[0m
[0mGET /api/notifications [36m304[0m 127.078 ms - -[0m
[0mGET /api/students?limit=5 [36m304[0m 820.524 ms - -[0m
[0mGET /api/students?limit=5 [36m304[0m 123.408 ms - -[0m
[0mGET /api/users [32m200[0m 1182.773 ms - 223[0m
[0mGET /api/courses?limit=5 [36m304[0m 1241.344 ms - -[0m
[0mGET /api/courses?limit=5 [36m304[0m 150.144 ms - -[0m
[0mGET /api/students?search=&page=1&limit=8 [36m304[0m 153.666 ms - -[0m
[0mGET /api/students?search=&page=1&limit=8 [36m304[0m 143.101 ms - -[0m
[0mGET /api/students?search=K&page=1&limit=8 [32m200[0m 161.834 ms - 121[0m
[0mGET /api/students?search=Ka&page=1&limit=8 [32m200[0m 138.657 ms - 121[0m
[0mGET /api/students?search=Kas&page=1&limit=8 [32m200[0m 122.803 ms - 121[0m
[0mGET /api/students?search=Kasa&page=1&limit=8 [32m200[0m 155.924 ms - 121[0m
[0mGET /api/students?search=Kasa+&page=1&limit=8 [32m200[0m 128.279 ms - 121[0m
[0mGET /api/students?search=Kasa+M&page=1&limit=8 [32m200[0m 167.024 ms - 121[0m
[0mGET /api/students?search=Kasa+Mo&page=1&limit=8 [32m200[0m 123.974 ms - 121[0m
[0mGET /api/students?search=Kasa+Mou&page=1&limit=8 [32m200[0m 129.159 ms - 121[0m
[0mGET /api/students?search=Kasa+Moun&page=1&limit=8 [32m200[0m 137.074 ms - 121[0m
[0mGET /api/students?search=Kasa+Mouni&page=1&limit=8 [32m200[0m 126.143 ms - 121[0m
[0mGET /api/students?search=Kasa+Mounik&page=1&limit=8 [32m200[0m 126.182 ms - 121[0m
[0mGET /api/students?search=Kasa+Mounika&page=1&limit=8 [32m200[0m 159.848 ms - 121[0m
[0mGET /api/courses?search=&page=1&limit=8 [36m304[0m 130.354 ms - -[0m
[0mGET /api/courses?search=&page=1&limit=8 [36m304[0m 136.782 ms - -[0m
[0mPOST /api/courses [32m201[0m 148.630 ms - 424[0m
[0mGET /api/courses?search=&page=1&limit=8 [32m200[0m 156.123 ms - 468[0m
[0mGET /api/users [36m304[0m 161.274 ms - -[0m
[0mGET /api/users [36m304[0m 125.386 ms - -[0m
[0mGET /api/courses?limit=50 [32m200[0m 143.218 ms - 469[0m
[0mGET /api/courses?limit=50 [36m304[0m 140.134 ms - -[0m
[0mPOST /api/students [32m201[0m 334.041 ms - 647[0m
[0mGET /api/students?search=&page=1&limit=8 [32m200[0m 184.204 ms - 691[0m
[0mGET /api/students?search=&page=1&limit=8 [36m304[0m 200.415 ms - -[0m
[0mGET /api/students?limit=5 [32m200[0m 709.447 ms - 691[0m
[0mPOST /graphql [32m200[0m 233.137 ms - 312[0m
[0mGET /api/users [36m304[0m 142.755 ms - -[0m
[0mGET /api/users [36m304[0m 133.097 ms - -[0m
[0mGET /api/courses?limit=5 [32m200[0m 114.001 ms - 468[0m
[0mGET /api/students?limit=5 [36m304[0m 179.356 ms - -[0m
[0mGET /api/courses?limit=5 [36m304[0m 105.685 ms - -[0m
[0mGET /api/students?limit=5 [36m304[0m 197.146 ms - -[0m
[0mGET /api/students?search=&page=1&limit=8 [36m304[0m 196.579 ms - -[0m
[0mGET /api/students?search=&page=1&limit=8 [36m304[0m 203.448 ms - -[0m
[0mGET /api/courses?search=&page=1&limit=8 [36m304[0m 141.467 ms - -[0m
[0mGET /api/courses?search=&page=1&limit=8 [36m304[0m 148.713 ms - -[0m
[0mGET /api/users [36m304[0m 138.749 ms - -[0m
[0mGET /api/users [36m304[0m 125.209 ms - -[0m
[0mGET / [32m200[0m 0.199 ms - 70[0m
